<?xml version="1.0" encoding="UTF-8"?>
<!-- Generated by org.testng.reporters.JUnitReportReporter -->
<testsuite hostname="DESKTOP-3258JTN" failures="0" tests="1" name="test.com.CostcoOpticalTest" time="36.211" errors="0" timestamp="29 Sep 2023 03:21:51 GMT">
  <testcase classname="test.com.CostcoOpticalTest" name="testUntitledTestCase" time="36.211"/>
</testsuite> <!-- test.com.CostcoOpticalTest -->
